# JRE version: OpenJDK Runtime Environment (23.0.1+11) (build 23.0.1+11-39)
# Java VM: OpenJDK 64-Bit Server VM (23.0.1+11-39, mixed mode, sharing, tiered, compressed oops, compressed class ptrs, g1 gc, windows-amd64)
GC Precious Log:
 CardTable entry size: 512
 Card Set container configuration: InlinePtr #cards 5 size 8 Array Of Cards #cards 10 size 36 Howl #buckets 4 coarsen threshold 1843 Howl Bitmap #cards 512 size 80 coarsen threshold 460 Card regions per heap region 1 cards per card region 2048
 CPUs: 4 total, 4 available
 Memory: 3238M
 Large Page Support: Disabled
 NUMA Support: Disabled
 Compressed Oops: Enabled (32-bit)
 Heap Region Size: 1M
 Heap Min Capacity: 8M
 Heap Initial Capacity: 52M
 Heap Max Capacity: 810M
 Pre-touch: Disabled
 Parallel Workers: 4
 Concurrent Workers: 1
 Concurrent Refinement Workers: 4
 Periodic GC: Disabled
Heap:
 garbage-first heap   total reserved 829440K, committed 86016K, used 61335K [0x00000000cd600000, 0x0000000100000000)
  region size 1024K, 17 young (17408K), 4 survivors (4096K)
 Metaspace       used 91325K, committed 92160K, reserved 1179648K
  class space    used 12676K, committed 13056K, reserved 1048576K
GC Heap History (20 events):
Event: 16.449 GC heap before
{Heap before GC invocations=19 (full 0):
 garbage-first heap   total reserved 829440K, committed 64512K, used 55616K [0x00000000cd600000, 0x0000000100000000)
  region size 1024K, 26 young (26624K), 4 survivors (4096K)
 Metaspace       used 65142K, committed 65856K, reserved 1114112K
  class space    used 8990K, committed 9280K, reserved 1048576K
}
Event: 16.462 GC heap after
{Heap after GC invocations=20 (full 0):
 garbage-first heap   total reserved 829440K, committed 64512K, used 34773K [0x00000000cd600000, 0x0000000100000000)
  region size 1024K, 2 young (2048K), 2 survivors (2048K)
 Metaspace       used 65142K, committed 65856K, reserved 1114112K
  class space    used 8990K, committed 9280K, reserved 1048576K
}
Event: 17.125 GC heap before
{Heap before GC invocations=20 (full 0):
 garbage-first heap   total reserved 829440K, committed 64512K, used 58325K [0x00000000cd600000, 0x0000000100000000)
  region size 1024K, 25 young (25600K), 2 survivors (2048K)
 Metaspace       used 66878K, committed 67584K, reserved 1114112K
  class space    used 9228K, committed 9536K, reserved 1048576K
}
Event: 17.135 GC heap after
{Heap after GC invocations=21 (full 0):
 garbage-first heap   total reserved 829440K, committed 64512K, used 36462K [0x00000000cd600000, 0x0000000100000000)
  region size 1024K, 4 young (4096K), 4 survivors (4096K)
 Metaspace       used 66878K, committed 67584K, reserved 1114112K
  class space    used 9228K, committed 9536K, reserved 1048576K
}
Event: 17.950 GC heap before
{Heap before GC invocations=22 (full 0):
 garbage-first heap   total reserved 829440K, committed 64512K, used 55918K [0x00000000cd600000, 0x0000000100000000)
  region size 1024K, 23 young (23552K), 4 survivors (4096K)
 Metaspace       used 69092K, committed 69824K, reserved 1114112K
  class space    used 9715K, committed 10048K, reserved 1048576K
}
Event: 17.960 GC heap after
{Heap after GC invocations=23 (full 0):
 garbage-first heap   total reserved 829440K, committed 64512K, used 39319K [0x00000000cd600000, 0x0000000100000000)
  region size 1024K, 3 young (3072K), 3 survivors (3072K)
 Metaspace       used 69092K, committed 69824K, reserved 1114112K
  class space    used 9715K, committed 10048K, reserved 1048576K
}
Event: 18.125 GC heap before
{Heap before GC invocations=23 (full 0):
 garbage-first heap   total reserved 829440K, committed 64512K, used 56727K [0x00000000cd600000, 0x0000000100000000)
  region size 1024K, 20 young (20480K), 3 survivors (3072K)
 Metaspace       used 69104K, committed 69824K, reserved 1114112K
  class space    used 9715K, committed 10048K, reserved 1048576K
}
Event: 18.137 GC heap after
{Heap after GC invocations=24 (full 0):
 garbage-first heap   total reserved 829440K, committed 64512K, used 40925K [0x00000000cd600000, 0x0000000100000000)
  region size 1024K, 3 young (3072K), 3 survivors (3072K)
 Metaspace       used 69104K, committed 69824K, reserved 1114112K
  class space    used 9715K, committed 10048K, reserved 1048576K
}
Event: 18.375 GC heap before
{Heap before GC invocations=24 (full 0):
 garbage-first heap   total reserved 829440K, committed 64512K, used 56285K [0x00000000cd600000, 0x0000000100000000)
  region size 1024K, 19 young (19456K), 3 survivors (3072K)
 Metaspace       used 70471K, committed 71232K, reserved 1114112K
  class space    used 9895K, committed 10240K, reserved 1048576K
}
Event: 18.382 GC heap after
{Heap after GC invocations=25 (full 0):
 garbage-first heap   total reserved 829440K, committed 79872K, used 42427K [0x00000000cd600000, 0x0000000100000000)
  region size 1024K, 2 young (2048K), 2 survivors (2048K)
 Metaspace       used 70471K, committed 71232K, reserved 1114112K
  class space    used 9895K, committed 10240K, reserved 1048576K
}
Event: 19.711 GC heap before
{Heap before GC invocations=26 (full 0):
 garbage-first heap   total reserved 829440K, committed 79872K, used 68027K [0x00000000cd600000, 0x0000000100000000)
  region size 1024K, 27 young (27648K), 2 survivors (2048K)
 Metaspace       used 73173K, committed 73856K, reserved 1114112K
  class space    used 10308K, committed 10624K, reserved 1048576K
}
Event: 19.722 GC heap after
{Heap after GC invocations=27 (full 0):
 garbage-first heap   total reserved 829440K, committed 79872K, used 44680K [0x00000000cd600000, 0x0000000100000000)
  region size 1024K, 4 young (4096K), 4 survivors (4096K)
 Metaspace       used 73173K, committed 73856K, reserved 1114112K
  class space    used 10308K, committed 10624K, reserved 1048576K
}
Event: 20.370 GC heap before
{Heap before GC invocations=27 (full 0):
 garbage-first heap   total reserved 829440K, committed 79872K, used 69256K [0x00000000cd600000, 0x0000000100000000)
  region size 1024K, 28 young (28672K), 4 survivors (4096K)
 Metaspace       used 75044K, committed 75840K, reserved 1114112K
  class space    used 10601K, committed 10944K, reserved 1048576K
}
Event: 20.386 GC heap after
{Heap after GC invocations=28 (full 0):
 garbage-first heap   total reserved 829440K, committed 79872K, used 46228K [0x00000000cd600000, 0x0000000100000000)
  region size 1024K, 3 young (3072K), 3 survivors (3072K)
 Metaspace       used 75044K, committed 75840K, reserved 1114112K
  class space    used 10601K, committed 10944K, reserved 1048576K
}
Event: 165.187 GC heap before
{Heap before GC invocations=28 (full 0):
 garbage-first heap   total reserved 829440K, committed 79872K, used 68756K [0x00000000cd600000, 0x0000000100000000)
  region size 1024K, 26 young (26624K), 3 survivors (3072K)
 Metaspace       used 79061K, committed 79808K, reserved 1179648K
  class space    used 11064K, committed 11392K, reserved 1048576K
}
Event: 165.280 GC heap after
{Heap after GC invocations=29 (full 0):
 garbage-first heap   total reserved 829440K, committed 79872K, used 50623K [0x00000000cd600000, 0x0000000100000000)
  region size 1024K, 4 young (4096K), 4 survivors (4096K)
 Metaspace       used 79061K, committed 79808K, reserved 1179648K
  class space    used 11064K, committed 11392K, reserved 1048576K
}
Event: 167.403 GC heap before
{Heap before GC invocations=30 (full 0):
 garbage-first heap   total reserved 829440K, committed 86016K, used 69055K [0x00000000cd600000, 0x0000000100000000)
  region size 1024K, 23 young (23552K), 4 survivors (4096K)
 Metaspace       used 85296K, committed 86080K, reserved 1179648K
  class space    used 11878K, committed 12224K, reserved 1048576K
}
Event: 167.417 GC heap after
{Heap after GC invocations=31 (full 0):
 garbage-first heap   total reserved 829440K, committed 86016K, used 51191K [0x00000000cd600000, 0x0000000100000000)
  region size 1024K, 3 young (3072K), 3 survivors (3072K)
 Metaspace       used 85296K, committed 86080K, reserved 1179648K
  class space    used 11878K, committed 12224K, reserved 1048576K
}
Event: 1758.707 GC heap before
{Heap before GC invocations=31 (full 0):
 garbage-first heap   total reserved 829440K, committed 86016K, used 74743K [0x00000000cd600000, 0x0000000100000000)
  region size 1024K, 27 young (27648K), 3 survivors (3072K)
 Metaspace       used 90455K, committed 91328K, reserved 1179648K
  class space    used 12625K, committed 12992K, reserved 1048576K
}
Event: 1759.022 GC heap after
{Heap after GC invocations=32 (full 0):
 garbage-first heap   total reserved 829440K, committed 86016K, used 50071K [0x00000000cd600000, 0x0000000100000000)
  region size 1024K, 4 young (4096K), 4 survivors (4096K)
 Metaspace       used 90455K, committed 91328K, reserved 1179648K
  class space    used 12625K, committed 12992K, reserved 1048576K
}

